Using pre-set license
Built from '2021.3/staging' branch; Version is '2021.3.1f1 (3b70a0754835) revision 3895456'; Using compiler version '192829333'; Build Type 'Release'
OS: 'Windows 11  (10.0.22622) 64bit Core' Language: 'en' Physical Memory: 16179 MB
BatchMode: 1, IsHumanControllingUs: 0, StartBugReporterOnCrash: 0, Is64bit: 1, IsPro: 1

COMMAND LINE ARGUMENTS:
C:\Program Files\Unity\Hub\Editor\2021.3.1f1\Editor\Unity.exe
-adb2
-batchMode
-noUpm
-name
AssetImportWorker0
-projectPath
C:/Users/thegr/Noble Whale/Dungeon Crawler/Dungeon Crawler
-logFile
Logs/AssetImportWorker0.log
-srvPort
63097
Successfully changed project path to: C:/Users/thegr/Noble Whale/Dungeon Crawler/Dungeon Crawler
C:/Users/thegr/Noble Whale/Dungeon Crawler/Dungeon Crawler
[UnityMemory] Configuration Parameters - Can be set up in boot.config
    "memorysetup-bucket-allocator-granularity=16"
    "memorysetup-bucket-allocator-bucket-count=8"
    "memorysetup-bucket-allocator-block-size=33554432"
    "memorysetup-bucket-allocator-block-count=8"
    "memorysetup-main-allocator-block-size=16777216"
    "memorysetup-thread-allocator-block-size=16777216"
    "memorysetup-gfx-main-allocator-block-size=16777216"
    "memorysetup-gfx-thread-allocator-block-size=16777216"
    "memorysetup-cache-allocator-block-size=4194304"
    "memorysetup-typetree-allocator-block-size=2097152"
    "memorysetup-profiler-bucket-allocator-granularity=16"
    "memorysetup-profiler-bucket-allocator-bucket-count=8"
    "memorysetup-profiler-bucket-allocator-block-size=33554432"
    "memorysetup-profiler-bucket-allocator-block-count=8"
    "memorysetup-profiler-allocator-block-size=16777216"
    "memorysetup-profiler-editor-allocator-block-size=1048576"
    "memorysetup-temp-allocator-size-main=16777216"
    "memorysetup-job-temp-allocator-block-size=2097152"
    "memorysetup-job-temp-allocator-block-size-background=1048576"
    "memorysetup-job-temp-allocator-reduction-small-platforms=262144"
    "memorysetup-temp-allocator-size-background-worker=32768"
    "memorysetup-temp-allocator-size-job-worker=262144"
    "memorysetup-temp-allocator-size-preload-manager=33554432"
    "memorysetup-temp-allocator-size-nav-mesh-worker=65536"
    "memorysetup-temp-allocator-size-audio-worker=65536"
    "memorysetup-temp-allocator-size-cloud-worker=32768"
    "memorysetup-temp-allocator-size-gi-baking-worker=262144"
    "memorysetup-temp-allocator-size-gfx=262144"
Refreshing native plugins compatible for Editor in 40.27 ms, found 2 plugins.
Preloading 0 native plugins for Editor in 0.00 ms.
Initialize engine version: 2021.3.1f1 (3b70a0754835)
[Subsystems] Discovering subsystems at path C:/Program Files/Unity/Hub/Editor/2021.3.1f1/Editor/Data/Resources/UnitySubsystems
[Subsystems] Discovering subsystems at path C:/Users/thegr/Noble Whale/Dungeon Crawler/Dungeon Crawler/Assets
GfxDevice: creating device client; threaded=0; jobified=0
Direct3D:
    Version:  Direct3D 11.0 [level 11.1]
    Renderer: NVIDIA GeForce RTX 3060 Ti (ID=0x2489)
    Vendor:   NVIDIA
    VRAM:     8050 MB
    Driver:   31.0.15.1640
Initialize mono
Mono path[0] = 'C:/Program Files/Unity/Hub/Editor/2021.3.1f1/Editor/Data/Managed'
Mono path[1] = 'C:/Program Files/Unity/Hub/Editor/2021.3.1f1/Editor/Data/MonoBleedingEdge/lib/mono/unityjit-win32'
Mono config path = 'C:/Program Files/Unity/Hub/Editor/2021.3.1f1/Editor/Data/MonoBleedingEdge/etc'
Using monoOptions --debugger-agent=transport=dt_socket,embedding=1,server=y,suspend=n,address=127.0.0.1:56236
Begin MonoManager ReloadAssembly
Registering precompiled unity dll's ...
Register platform support module: C:/Program Files/Unity/Hub/Editor/2021.3.1f1/Editor/Data/PlaybackEngines/WindowsStandaloneSupport/UnityEditor.WindowsStandalone.Extensions.dll
Registered in 0.004004 seconds.
Native extension for WindowsStandalone target not found
Refreshing native plugins compatible for Editor in 35.79 ms, found 2 plugins.
Preloading 0 native plugins for Editor in 0.00 ms.
Mono: successfully reloaded assembly
- Completed reload, in  0.457 seconds
Domain Reload Profiling:
	ReloadAssembly (458ms)
		BeginReloadAssembly (52ms)
			ExecutionOrderSort (0ms)
			DisableScriptedObjects (0ms)
			BackupInstance (0ms)
			ReleaseScriptingObjects (0ms)
			CreateAndSetChildDomain (1ms)
		EndReloadAssembly (326ms)
			LoadAssemblies (50ms)
			RebuildTransferFunctionScriptingTraits (0ms)
			SetupTypeCache (75ms)
			ReleaseScriptCaches (0ms)
			RebuildScriptCaches (20ms)
			SetupLoadedEditorAssemblies (191ms)
				LogAssemblyErrors (0ms)
				InitializePlatformSupportModulesInManaged (6ms)
				SetLoadedEditorAssemblies (0ms)
				RefreshPlugins (36ms)
				BeforeProcessingInitializeOnLoad (1ms)
				ProcessInitializeOnLoadAttributes (110ms)
				ProcessInitializeOnLoadMethodAttributes (38ms)
				AfterProcessingInitializeOnLoad (0ms)
				EditorAssembliesLoaded (0ms)
			ExecutionOrderSort2 (0ms)
			AwakeInstancesAfterBackupRestoration (0ms)
Platform modules already initialized, skipping
Registering precompiled user dll's ...
Registered in 0.003151 seconds.
Begin MonoManager ReloadAssembly
Symbol file LoadedFromMemory is not a mono symbol file
Native extension for WindowsStandalone target not found
Refreshing native plugins compatible for Editor in 0.62 ms, found 2 plugins.
Preloading 0 native plugins for Editor in 0.00 ms.
Package Manager log level set to [2]
Mono: successfully reloaded assembly
- Completed reload, in  0.831 seconds
Domain Reload Profiling:
	ReloadAssembly (832ms)
		BeginReloadAssembly (86ms)
			ExecutionOrderSort (0ms)
			DisableScriptedObjects (5ms)
			BackupInstance (0ms)
			ReleaseScriptingObjects (0ms)
			CreateAndSetChildDomain (17ms)
		EndReloadAssembly (649ms)
			LoadAssemblies (75ms)
			RebuildTransferFunctionScriptingTraits (0ms)
			SetupTypeCache (149ms)
			ReleaseScriptCaches (0ms)
			RebuildScriptCaches (44ms)
			SetupLoadedEditorAssemblies (339ms)
				LogAssemblyErrors (0ms)
				InitializePlatformSupportModulesInManaged (4ms)
				SetLoadedEditorAssemblies (0ms)
				RefreshPlugins (1ms)
				BeforeProcessingInitializeOnLoad (53ms)
				ProcessInitializeOnLoadAttributes (168ms)
				ProcessInitializeOnLoadMethodAttributes (104ms)
				AfterProcessingInitializeOnLoad (8ms)
				EditorAssembliesLoaded (0ms)
			ExecutionOrderSort2 (0ms)
			AwakeInstancesAfterBackupRestoration (5ms)
Platform modules already initialized, skipping
========================================================================
Worker process is ready to serve import requests
Launched and connected shader compiler UnityShaderCompiler.exe after 0.04 seconds
Refreshing native plugins compatible for Editor in 1.17 ms, found 2 plugins.
Preloading 0 native plugins for Editor in 0.00 ms.
Unloading 2397 Unused Serialized files (Serialized files now loaded: 0)
Unloading 66 unused Assets / (1.3 MB). Loaded Objects now: 2827.
Memory consumption went from 101.7 MB to 100.5 MB.
Total: 7.046700 ms (FindLiveObjects: 0.212700 ms CreateObjectMapping: 0.063100 ms MarkObjects: 6.499200 ms  DeleteObjects: 0.270500 ms)

AssetImportParameters requested are different than current active one (requested -> active):
  custom:video-decoder-ogg-theora: a1e56fd34408186e4bbccfd4996cb3dc -> 
  custom:container-muxer-webm: aa71ff27fc2769a1b78a27578f13a17b -> 
  custom:container-demuxer-webm: 4f35f7cbe854078d1ac9338744f61a02 -> 
  custom:video-encoder-webm-vp8: eb34c28f22e8b96e1ab97ce403110664 -> 
  custom:audio-encoder-webm-vorbis: bf7c407c2cedff20999df2af8eb42d56 -> 
  custom:framework-win-MediaFoundation: 216162199b28c13a410421893ffa2e32 -> 
  custom:container-demuxer-ogg: 62fdf1f143b41e24485cea50d1cbac27 -> 
  custom:video-decoder-webm-vp8: 9c59270c3fd7afecdb556c50c9e8de78 -> 
  custom:audio-decoder-ogg-vorbis: bf7c407c2cedff20999df2af8eb42d56 -> 
========================================================================
Received Import Request.
  Time since last request: 109469.189016 seconds.
  path: Assets/Examples/RogueLike/Items/Dagger/Dagger.psd
  artifactKey: Guid(e62da690a8f5b9845a38a693bf1c3a7b) Importer(815301076,1909f56bfc062723c751e8b465ee728b)
Start importing Assets/Examples/RogueLike/Items/Dagger/Dagger.psd using Guid(e62da690a8f5b9845a38a693bf1c3a7b) Importer(815301076,1909f56bfc062723c751e8b465ee728b)  -> (artifact id: 'd3a17856278f152a7e34b184b2336ed6') in 0.092045 seconds 
========================================================================
Received Import Request.
  Time since last request: 13.721538 seconds.
  path: Assets/Examples/RogueLike/Tiles/Floor/floor.png
  artifactKey: Guid(36af78a5822c8cb408dbd544aef9db27) Importer(815301076,1909f56bfc062723c751e8b465ee728b)
Start importing Assets/Examples/RogueLike/Tiles/Floor/floor.png using Guid(36af78a5822c8cb408dbd544aef9db27) Importer(815301076,1909f56bfc062723c751e8b465ee728b)  -> (artifact id: '025935403974c5c8c9d4d1a25195b673') in 0.044773 seconds 
========================================================================
Received Import Request.
  Time since last request: 0.000014 seconds.
  path: Assets/Examples/RogueLike/Tiles/Floor/StoneTile.png
  artifactKey: Guid(ac53a757cc6e54a41b6dd19046253569) Importer(815301076,1909f56bfc062723c751e8b465ee728b)
Start importing Assets/Examples/RogueLike/Tiles/Floor/StoneTile.png using Guid(ac53a757cc6e54a41b6dd19046253569) Importer(815301076,1909f56bfc062723c751e8b465ee728b)  -> (artifact id: '3a965f358f0bde59b47268f6e5af8c90') in 0.036006 seconds 
========================================================================
Received Import Request.
  Time since last request: 0.345967 seconds.
  path: Assets/Examples/RogueLike/Tiles/Prefabs/Door.prefab
  artifactKey: Guid(869404b52a249a74d9c2da34da750f88) Importer(815301076,1909f56bfc062723c751e8b465ee728b)
Start importing Assets/Examples/RogueLike/Tiles/Prefabs/Door.prefab using Guid(869404b52a249a74d9c2da34da750f88) Importer(815301076,1909f56bfc062723c751e8b465ee728b)  -> (artifact id: 'ea6f339ffda303d3ecd93fe63f0bf6c8') in 0.041882 seconds 
========================================================================
Received Import Request.
  Time since last request: 0.000020 seconds.
  path: Assets/Examples/RogueLike/Tiles/Prefabs/Floor.prefab
  artifactKey: Guid(fc61b768638409649819ee72bd27740c) Importer(815301076,1909f56bfc062723c751e8b465ee728b)
Start importing Assets/Examples/RogueLike/Tiles/Prefabs/Floor.prefab using Guid(fc61b768638409649819ee72bd27740c) Importer(815301076,1909f56bfc062723c751e8b465ee728b)  -> (artifact id: 'eaf51eed1250d3d755afb1fdc98bc97c') in 0.011926 seconds 
========================================================================
Received Import Request.
  Time since last request: 0.000016 seconds.
  path: Assets/Examples/RogueLike/Tiles/Prefabs/Wall.prefab
  artifactKey: Guid(1268d14737f164f4494906c493e7fef9) Importer(815301076,1909f56bfc062723c751e8b465ee728b)
Start importing Assets/Examples/RogueLike/Tiles/Prefabs/Wall.prefab using Guid(1268d14737f164f4494906c493e7fef9) Importer(815301076,1909f56bfc062723c751e8b465ee728b)  -> (artifact id: '494caf913f4d55f7820f4a49a7fe8402') in 0.043606 seconds 
========================================================================
Received Import Request.
  Time since last request: 0.000019 seconds.
  path: Assets/Examples/RogueLike/Tiles/Prefabs/Floor2.prefab
  artifactKey: Guid(c69b6a8f4055a1e498fa30a4dcf35d06) Importer(815301076,1909f56bfc062723c751e8b465ee728b)
Start importing Assets/Examples/RogueLike/Tiles/Prefabs/Floor2.prefab using Guid(c69b6a8f4055a1e498fa30a4dcf35d06) Importer(815301076,1909f56bfc062723c751e8b465ee728b)  -> (artifact id: 'a4500618ac89b3da1262c183ab5d3a48') in 0.011307 seconds 
========================================================================
Received Import Request.
  Time since last request: 0.000025 seconds.
  path: Assets/Examples/RogueLike/Tiles/Prefabs/Empty Tile.prefab
  artifactKey: Guid(91818b3737121304f86aceb192b56b95) Importer(815301076,1909f56bfc062723c751e8b465ee728b)
Start importing Assets/Examples/RogueLike/Tiles/Prefabs/Empty Tile.prefab using Guid(91818b3737121304f86aceb192b56b95) Importer(815301076,1909f56bfc062723c751e8b465ee728b)  -> (artifact id: '411605a295df938327c55ea44a6948a6') in 0.007381 seconds 
========================================================================
Received Import Request.
  Time since last request: 2.751629 seconds.
  path: Assets/Examples/RogueLike/Items/Prefabs/Gold.prefab
  artifactKey: Guid(4f360649838a63a47999700c077dc8e3) Importer(815301076,1909f56bfc062723c751e8b465ee728b)
Start importing Assets/Examples/RogueLike/Items/Prefabs/Gold.prefab using Guid(4f360649838a63a47999700c077dc8e3) Importer(815301076,1909f56bfc062723c751e8b465ee728b)  -> (artifact id: 'c14dff89a210a73e2ebf134010d8efee') in 0.012659 seconds 
========================================================================
Received Import Request.
  Time since last request: 0.000015 seconds.
  path: Assets/Examples/RogueLike/Items/Prefabs/Torch.prefab
  artifactKey: Guid(617344c531ad38345966374b0825c374) Importer(815301076,1909f56bfc062723c751e8b465ee728b)
Start importing Assets/Examples/RogueLike/Items/Prefabs/Torch.prefab using Guid(617344c531ad38345966374b0825c374) Importer(815301076,1909f56bfc062723c751e8b465ee728b)  -> (artifact id: 'c6e7a3c0b9e52b443f5bc8d408c27419') in 0.011221 seconds 
Editor requested this worker to shutdown with reason: Scaling down because of idle timeout
AssetImportWorker is now disconnected from the server
Process exiting
Exiting without the bug reporter. Application will terminate with return code 0