Using pre-set license
Built from '2021.3/staging' branch; Version is '2021.3.1f1 (3b70a0754835) revision 3895456'; Using compiler version '192829333'; Build Type 'Release'
OS: 'Windows 11  (10.0.22622) 64bit Core' Language: 'en' Physical Memory: 16179 MB
BatchMode: 1, IsHumanControllingUs: 0, StartBugReporterOnCrash: 0, Is64bit: 1, IsPro: 1

COMMAND LINE ARGUMENTS:
C:\Program Files\Unity\Hub\Editor\2021.3.1f1\Editor\Unity.exe
-adb2
-batchMode
-noUpm
-name
AssetImportWorker3
-projectPath
C:/Users/thegr/Noble Whale/Dungeon Crawler/Dungeon Crawler
-logFile
Logs/AssetImportWorker3.log
-srvPort
63097
Successfully changed project path to: C:/Users/thegr/Noble Whale/Dungeon Crawler/Dungeon Crawler
C:/Users/thegr/Noble Whale/Dungeon Crawler/Dungeon Crawler
[UnityMemory] Configuration Parameters - Can be set up in boot.config
    "memorysetup-bucket-allocator-granularity=16"
    "memorysetup-bucket-allocator-bucket-count=8"
    "memorysetup-bucket-allocator-block-size=33554432"
    "memorysetup-bucket-allocator-block-count=8"
    "memorysetup-main-allocator-block-size=16777216"
    "memorysetup-thread-allocator-block-size=16777216"
    "memorysetup-gfx-main-allocator-block-size=16777216"
    "memorysetup-gfx-thread-allocator-block-size=16777216"
    "memorysetup-cache-allocator-block-size=4194304"
    "memorysetup-typetree-allocator-block-size=2097152"
    "memorysetup-profiler-bucket-allocator-granularity=16"
    "memorysetup-profiler-bucket-allocator-bucket-count=8"
    "memorysetup-profiler-bucket-allocator-block-size=33554432"
    "memorysetup-profiler-bucket-allocator-block-count=8"
    "memorysetup-profiler-allocator-block-size=16777216"
    "memorysetup-profiler-editor-allocator-block-size=1048576"
    "memorysetup-temp-allocator-size-main=16777216"
    "memorysetup-job-temp-allocator-block-size=2097152"
    "memorysetup-job-temp-allocator-block-size-background=1048576"
    "memorysetup-job-temp-allocator-reduction-small-platforms=262144"
    "memorysetup-temp-allocator-size-background-worker=32768"
    "memorysetup-temp-allocator-size-job-worker=262144"
    "memorysetup-temp-allocator-size-preload-manager=33554432"
    "memorysetup-temp-allocator-size-nav-mesh-worker=65536"
    "memorysetup-temp-allocator-size-audio-worker=65536"
    "memorysetup-temp-allocator-size-cloud-worker=32768"
    "memorysetup-temp-allocator-size-gi-baking-worker=262144"
    "memorysetup-temp-allocator-size-gfx=262144"
Refreshing native plugins compatible for Editor in 46.09 ms, found 2 plugins.
Preloading 0 native plugins for Editor in 0.00 ms.
Initialize engine version: 2021.3.1f1 (3b70a0754835)
[Subsystems] Discovering subsystems at path C:/Program Files/Unity/Hub/Editor/2021.3.1f1/Editor/Data/Resources/UnitySubsystems
[Subsystems] Discovering subsystems at path C:/Users/thegr/Noble Whale/Dungeon Crawler/Dungeon Crawler/Assets
GfxDevice: creating device client; threaded=0; jobified=0
Direct3D:
    Version:  Direct3D 11.0 [level 11.1]
    Renderer: NVIDIA GeForce RTX 3060 Ti (ID=0x2489)
    Vendor:   NVIDIA
    VRAM:     8050 MB
    Driver:   31.0.15.1640
Initialize mono
Mono path[0] = 'C:/Program Files/Unity/Hub/Editor/2021.3.1f1/Editor/Data/Managed'
Mono path[1] = 'C:/Program Files/Unity/Hub/Editor/2021.3.1f1/Editor/Data/MonoBleedingEdge/lib/mono/unityjit-win32'
Mono config path = 'C:/Program Files/Unity/Hub/Editor/2021.3.1f1/Editor/Data/MonoBleedingEdge/etc'
Using monoOptions --debugger-agent=transport=dt_socket,embedding=1,server=y,suspend=n,address=127.0.0.1:56708
Begin MonoManager ReloadAssembly
Registering precompiled unity dll's ...
Register platform support module: C:/Program Files/Unity/Hub/Editor/2021.3.1f1/Editor/Data/PlaybackEngines/WindowsStandaloneSupport/UnityEditor.WindowsStandalone.Extensions.dll
Registered in 0.004518 seconds.
Native extension for WindowsStandalone target not found
Refreshing native plugins compatible for Editor in 35.49 ms, found 2 plugins.
Preloading 0 native plugins for Editor in 0.00 ms.
Mono: successfully reloaded assembly
- Completed reload, in  0.501 seconds
Domain Reload Profiling:
	ReloadAssembly (502ms)
		BeginReloadAssembly (68ms)
			ExecutionOrderSort (0ms)
			DisableScriptedObjects (0ms)
			BackupInstance (0ms)
			ReleaseScriptingObjects (0ms)
			CreateAndSetChildDomain (1ms)
		EndReloadAssembly (342ms)
			LoadAssemblies (66ms)
			RebuildTransferFunctionScriptingTraits (0ms)
			SetupTypeCache (87ms)
			ReleaseScriptCaches (0ms)
			RebuildScriptCaches (20ms)
			SetupLoadedEditorAssemblies (192ms)
				LogAssemblyErrors (0ms)
				InitializePlatformSupportModulesInManaged (6ms)
				SetLoadedEditorAssemblies (0ms)
				RefreshPlugins (36ms)
				BeforeProcessingInitializeOnLoad (1ms)
				ProcessInitializeOnLoadAttributes (113ms)
				ProcessInitializeOnLoadMethodAttributes (36ms)
				AfterProcessingInitializeOnLoad (0ms)
				EditorAssembliesLoaded (0ms)
			ExecutionOrderSort2 (0ms)
			AwakeInstancesAfterBackupRestoration (0ms)
Platform modules already initialized, skipping
Registering precompiled user dll's ...
Registered in 0.003464 seconds.
Begin MonoManager ReloadAssembly
Symbol file LoadedFromMemory is not a mono symbol file
Native extension for WindowsStandalone target not found
Refreshing native plugins compatible for Editor in 0.58 ms, found 2 plugins.
Preloading 0 native plugins for Editor in 0.00 ms.
Package Manager log level set to [2]
Mono: successfully reloaded assembly
- Completed reload, in  0.779 seconds
Domain Reload Profiling:
	ReloadAssembly (780ms)
		BeginReloadAssembly (82ms)
			ExecutionOrderSort (0ms)
			DisableScriptedObjects (5ms)
			BackupInstance (0ms)
			ReleaseScriptingObjects (0ms)
			CreateAndSetChildDomain (16ms)
		EndReloadAssembly (611ms)
			LoadAssemblies (72ms)
			RebuildTransferFunctionScriptingTraits (0ms)
			SetupTypeCache (141ms)
			ReleaseScriptCaches (0ms)
			RebuildScriptCaches (40ms)
			SetupLoadedEditorAssemblies (322ms)
				LogAssemblyErrors (0ms)
				InitializePlatformSupportModulesInManaged (4ms)
				SetLoadedEditorAssemblies (0ms)
				RefreshPlugins (1ms)
				BeforeProcessingInitializeOnLoad (52ms)
				ProcessInitializeOnLoadAttributes (164ms)
				ProcessInitializeOnLoadMethodAttributes (95ms)
				AfterProcessingInitializeOnLoad (6ms)
				EditorAssembliesLoaded (0ms)
			ExecutionOrderSort2 (0ms)
			AwakeInstancesAfterBackupRestoration (4ms)
Platform modules already initialized, skipping
========================================================================
Worker process is ready to serve import requests
Launched and connected shader compiler UnityShaderCompiler.exe after 0.06 seconds
Refreshing native plugins compatible for Editor in 1.13 ms, found 2 plugins.
Preloading 0 native plugins for Editor in 0.00 ms.
Unloading 2397 Unused Serialized files (Serialized files now loaded: 0)
Unloading 66 unused Assets / (1.3 MB). Loaded Objects now: 2827.
Memory consumption went from 101.7 MB to 100.5 MB.
Total: 11.622100 ms (FindLiveObjects: 0.499500 ms CreateObjectMapping: 0.276600 ms MarkObjects: 10.361900 ms  DeleteObjects: 0.481200 ms)

AssetImportParameters requested are different than current active one (requested -> active):
  custom:video-decoder-ogg-theora: a1e56fd34408186e4bbccfd4996cb3dc -> 
  custom:container-muxer-webm: aa71ff27fc2769a1b78a27578f13a17b -> 
  custom:container-demuxer-webm: 4f35f7cbe854078d1ac9338744f61a02 -> 
  custom:video-encoder-webm-vp8: eb34c28f22e8b96e1ab97ce403110664 -> 
  custom:audio-encoder-webm-vorbis: bf7c407c2cedff20999df2af8eb42d56 -> 
  custom:framework-win-MediaFoundation: 216162199b28c13a410421893ffa2e32 -> 
  custom:container-demuxer-ogg: 62fdf1f143b41e24485cea50d1cbac27 -> 
  custom:video-decoder-webm-vp8: 9c59270c3fd7afecdb556c50c9e8de78 -> 
  custom:audio-decoder-ogg-vorbis: bf7c407c2cedff20999df2af8eb42d56 -> 
========================================================================
Received Import Request.
  Time since last request: 109486.326549 seconds.
  path: Assets/Examples/RogueLike/Items/Prefabs/Key.prefab
  artifactKey: Guid(ec62f295ad1d4ac43826cd74addc215c) Importer(815301076,1909f56bfc062723c751e8b465ee728b)
Start importing Assets/Examples/RogueLike/Items/Prefabs/Key.prefab using Guid(ec62f295ad1d4ac43826cd74addc215c) Importer(815301076,1909f56bfc062723c751e8b465ee728b)  -> (artifact id: '85f948d707f0a3308b9fbe807386505a') in 0.096721 seconds 
========================================================================
Received Prepare
Registering precompiled user dll's ...
Registered in 0.002946 seconds.
Begin MonoManager ReloadAssembly
Symbol file LoadedFromMemory is not a mono symbol file
Native extension for WindowsStandalone target not found
Refreshing native plugins compatible for Editor in 1.07 ms, found 2 plugins.
Preloading 0 native plugins for Editor in 0.00 ms.
Mono: successfully reloaded assembly
- Completed reload, in  0.757 seconds
Domain Reload Profiling:
	ReloadAssembly (758ms)
		BeginReloadAssembly (100ms)
			ExecutionOrderSort (0ms)
			DisableScriptedObjects (5ms)
			BackupInstance (0ms)
			ReleaseScriptingObjects (0ms)
			CreateAndSetChildDomain (29ms)
		EndReloadAssembly (584ms)
			LoadAssemblies (64ms)
			RebuildTransferFunctionScriptingTraits (0ms)
			SetupTypeCache (122ms)
			ReleaseScriptCaches (1ms)
			RebuildScriptCaches (40ms)
			SetupLoadedEditorAssemblies (321ms)
				LogAssemblyErrors (0ms)
				InitializePlatformSupportModulesInManaged (12ms)
				SetLoadedEditorAssemblies (1ms)
				RefreshPlugins (1ms)
				BeforeProcessingInitializeOnLoad (54ms)
				ProcessInitializeOnLoadAttributes (158ms)
				ProcessInitializeOnLoadMethodAttributes (89ms)
				AfterProcessingInitializeOnLoad (5ms)
				EditorAssembliesLoaded (0ms)
			ExecutionOrderSort2 (0ms)
			AwakeInstancesAfterBackupRestoration (4ms)
Platform modules already initialized, skipping
Refreshing native plugins compatible for Editor in 3.61 ms, found 2 plugins.
Preloading 0 native plugins for Editor in 0.00 ms.
Unloading 2350 Unused Serialized files (Serialized files now loaded: 0)
Unloading 56 unused Assets / (1.2 MB). Loaded Objects now: 2836.
Memory consumption went from 101.3 MB to 100.1 MB.
Total: 5.346900 ms (FindLiveObjects: 0.157300 ms CreateObjectMapping: 0.048100 ms MarkObjects: 4.942200 ms  DeleteObjects: 0.197300 ms)

AssetImportParameters requested are different than current active one (requested -> active):
  custom:video-decoder-ogg-theora: a1e56fd34408186e4bbccfd4996cb3dc -> 
  custom:container-muxer-webm: aa71ff27fc2769a1b78a27578f13a17b -> 
  custom:container-demuxer-webm: 4f35f7cbe854078d1ac9338744f61a02 -> 
  custom:video-encoder-webm-vp8: eb34c28f22e8b96e1ab97ce403110664 -> 
  custom:audio-encoder-webm-vorbis: bf7c407c2cedff20999df2af8eb42d56 -> 
  custom:framework-win-MediaFoundation: 216162199b28c13a410421893ffa2e32 -> 
  custom:container-demuxer-ogg: 62fdf1f143b41e24485cea50d1cbac27 -> 
  custom:video-decoder-webm-vp8: 9c59270c3fd7afecdb556c50c9e8de78 -> 
  custom:audio-decoder-ogg-vorbis: bf7c407c2cedff20999df2af8eb42d56 -> 
========================================================================
Received Import Request.
  Time since last request: 321.543776 seconds.
  path: Assets/Examples/RogueLike/Creatures/Prefabs/Rat.prefab
  artifactKey: Guid(8ebb711e68c91c54c9665e17889dffd9) Importer(815301076,1909f56bfc062723c751e8b465ee728b)
Start importing Assets/Examples/RogueLike/Creatures/Prefabs/Rat.prefab using Guid(8ebb711e68c91c54c9665e17889dffd9) Importer(815301076,1909f56bfc062723c751e8b465ee728b)  -> (artifact id: '8562b2e5bb125ea0b8abb201790b747e') in 0.063027 seconds 
========================================================================
Received Import Request.
  Time since last request: 0.000017 seconds.
  path: Assets/Examples/RogueLike/Creatures/Prefabs/Scorpion.prefab
  artifactKey: Guid(f02a2f726c804044db74160be50cd6bd) Importer(815301076,1909f56bfc062723c751e8b465ee728b)
Start importing Assets/Examples/RogueLike/Creatures/Prefabs/Scorpion.prefab using Guid(f02a2f726c804044db74160be50cd6bd) Importer(815301076,1909f56bfc062723c751e8b465ee728b)  -> (artifact id: '57f78ca5f2bbb71102062f3183ff909a') in 0.012880 seconds 
========================================================================
Received Prepare
Registering precompiled user dll's ...
Registered in 0.002756 seconds.
Begin MonoManager ReloadAssembly
Symbol file LoadedFromMemory is not a mono symbol file
Native extension for WindowsStandalone target not found
Refreshing native plugins compatible for Editor in 1.06 ms, found 2 plugins.
Preloading 0 native plugins for Editor in 0.00 ms.
Mono: successfully reloaded assembly
- Completed reload, in  0.753 seconds
Domain Reload Profiling:
	ReloadAssembly (754ms)
		BeginReloadAssembly (98ms)
			ExecutionOrderSort (0ms)
			DisableScriptedObjects (4ms)
			BackupInstance (0ms)
			ReleaseScriptingObjects (0ms)
			CreateAndSetChildDomain (29ms)
		EndReloadAssembly (585ms)
			LoadAssemblies (61ms)
			RebuildTransferFunctionScriptingTraits (0ms)
			SetupTypeCache (130ms)
			ReleaseScriptCaches (1ms)
			RebuildScriptCaches (36ms)
			SetupLoadedEditorAssemblies (325ms)
				LogAssemblyErrors (0ms)
				InitializePlatformSupportModulesInManaged (11ms)
				SetLoadedEditorAssemblies (1ms)
				RefreshPlugins (1ms)
				BeforeProcessingInitializeOnLoad (56ms)
				ProcessInitializeOnLoadAttributes (150ms)
				ProcessInitializeOnLoadMethodAttributes (101ms)
				AfterProcessingInitializeOnLoad (6ms)
				EditorAssembliesLoaded (0ms)
			ExecutionOrderSort2 (0ms)
			AwakeInstancesAfterBackupRestoration (5ms)
Platform modules already initialized, skipping
Refreshing native plugins compatible for Editor in 3.85 ms, found 2 plugins.
Preloading 0 native plugins for Editor in 0.00 ms.
Unloading 2350 Unused Serialized files (Serialized files now loaded: 0)
Unloading 57 unused Assets / (1.2 MB). Loaded Objects now: 2839.
Memory consumption went from 101.4 MB to 100.1 MB.
Total: 5.864700 ms (FindLiveObjects: 0.163600 ms CreateObjectMapping: 0.101400 ms MarkObjects: 5.394800 ms  DeleteObjects: 0.204000 ms)

AssetImportParameters requested are different than current active one (requested -> active):
  custom:video-decoder-ogg-theora: a1e56fd34408186e4bbccfd4996cb3dc -> 
  custom:container-muxer-webm: aa71ff27fc2769a1b78a27578f13a17b -> 
  custom:container-demuxer-webm: 4f35f7cbe854078d1ac9338744f61a02 -> 
  custom:video-encoder-webm-vp8: eb34c28f22e8b96e1ab97ce403110664 -> 
  custom:audio-encoder-webm-vorbis: bf7c407c2cedff20999df2af8eb42d56 -> 
  custom:framework-win-MediaFoundation: 216162199b28c13a410421893ffa2e32 -> 
  custom:container-demuxer-ogg: 62fdf1f143b41e24485cea50d1cbac27 -> 
  custom:video-decoder-webm-vp8: 9c59270c3fd7afecdb556c50c9e8de78 -> 
  custom:audio-decoder-ogg-vorbis: bf7c407c2cedff20999df2af8eb42d56 -> 
========================================================================
Received Import Request.
  Time since last request: 1549.572535 seconds.
  path: Assets/Examples/RogueLike/Biomes/DebugObject.prefab
  artifactKey: Guid(c0d6792763649924f9dfc746fa0803af) Importer(815301076,1909f56bfc062723c751e8b465ee728b)
Start importing Assets/Examples/RogueLike/Biomes/DebugObject.prefab using Guid(c0d6792763649924f9dfc746fa0803af) Importer(815301076,1909f56bfc062723c751e8b465ee728b)  -> (artifact id: '7bdcf242d74a4deec90b711bbf82ab79') in 0.030616 seconds 
========================================================================
Received Import Request.
  Time since last request: 0.000017 seconds.
  path: Assets/Examples/RogueLike/Biomes/Level 1 Items.asset
  artifactKey: Guid(ffc53738e5eacc84a89fa4c8d9683115) Importer(815301076,1909f56bfc062723c751e8b465ee728b)
Start importing Assets/Examples/RogueLike/Biomes/Level 1 Items.asset using Guid(ffc53738e5eacc84a89fa4c8d9683115) Importer(815301076,1909f56bfc062723c751e8b465ee728b)  -> (artifact id: 'e17187400e06c992c89e0de64084f39d') in 0.019812 seconds 
========================================================================
Received Import Request.
  Time since last request: 0.000025 seconds.
  path: Assets/Examples/RogueLike/Biomes/Level 1 Alt.asset
  artifactKey: Guid(708a604b36905574e819da5ba1f76891) Importer(815301076,1909f56bfc062723c751e8b465ee728b)
Start importing Assets/Examples/RogueLike/Biomes/Level 1 Alt.asset using Guid(708a604b36905574e819da5ba1f76891) Importer(815301076,1909f56bfc062723c751e8b465ee728b)  -> (artifact id: 'cbe0194091a5860bc846aaa4f270d51f') in 0.018743 seconds 
========================================================================
Received Import Request.
  Time since last request: 0.000021 seconds.
  path: Assets/Examples/RogueLike/Biomes/Level 1 Creatures.asset
  artifactKey: Guid(5de26ad9564e9ea4cbb0193b97ab7dd3) Importer(815301076,1909f56bfc062723c751e8b465ee728b)
Start importing Assets/Examples/RogueLike/Biomes/Level 1 Creatures.asset using Guid(5de26ad9564e9ea4cbb0193b97ab7dd3) Importer(815301076,1909f56bfc062723c751e8b465ee728b)  -> (artifact id: 'b4feac54f0d84315b69fd49110b615f4') in 0.007646 seconds 
========================================================================
Received Import Request.
  Time since last request: 0.000024 seconds.
  path: Assets/Examples/RogueLike/Biomes/Scorpions.asset
  artifactKey: Guid(19c7d0686e5dc124d9de1ad1c5b145f0) Importer(815301076,1909f56bfc062723c751e8b465ee728b)
Start importing Assets/Examples/RogueLike/Biomes/Scorpions.asset using Guid(19c7d0686e5dc124d9de1ad1c5b145f0) Importer(815301076,1909f56bfc062723c751e8b465ee728b)  -> (artifact id: '34a1821cb11c50d1ff057f8c19f0a593') in 0.007286 seconds 
========================================================================
Received Import Request.
  Time since last request: 0.000017 seconds.
  path: Assets/Examples/RogueLike/Biomes/Level 1.asset
  artifactKey: Guid(15a8ece4b361d5048bda936a0b48a345) Importer(815301076,1909f56bfc062723c751e8b465ee728b)
Start importing Assets/Examples/RogueLike/Biomes/Level 1.asset using Guid(15a8ece4b361d5048bda936a0b48a345) Importer(815301076,1909f56bfc062723c751e8b465ee728b)  -> (artifact id: '4d8c2204b07d5fb03272a144c17610d3') in 0.010809 seconds 
========================================================================
Received Import Request.
  Time since last request: 0.000019 seconds.
  path: Assets/Examples/RogueLike/Biomes/Rats Nest.asset
  artifactKey: Guid(c5f22687274f57c48a389e16806785b4) Importer(815301076,1909f56bfc062723c751e8b465ee728b)
Start importing Assets/Examples/RogueLike/Biomes/Rats Nest.asset using Guid(c5f22687274f57c48a389e16806785b4) Importer(815301076,1909f56bfc062723c751e8b465ee728b)  -> (artifact id: 'e32fc432275e81b0a88ea4598d8de17d') in 0.007377 seconds 
========================================================================
Received Import Request.
  Time since last request: 0.000015 seconds.
  path: Assets/Examples/RogueLike/Biomes/Electric.asset
  artifactKey: Guid(433d166f26262984aa6d32a753a33961) Importer(815301076,1909f56bfc062723c751e8b465ee728b)
Start importing Assets/Examples/RogueLike/Biomes/Electric.asset using Guid(433d166f26262984aa6d32a753a33961) Importer(815301076,1909f56bfc062723c751e8b465ee728b)  -> (artifact id: '73c2447e347faef777b8a2c574eac75d') in 0.006293 seconds 
========================================================================
Received Import Request.
  Time since last request: 0.257809 seconds.
  path: Assets/Examples/RogueLike/Camera Stuff/Post Processing.asset
  artifactKey: Guid(f27bbf2217b5a7e498beed506f56ede9) Importer(815301076,1909f56bfc062723c751e8b465ee728b)
Start importing Assets/Examples/RogueLike/Camera Stuff/Post Processing.asset using Guid(f27bbf2217b5a7e498beed506f56ede9) Importer(815301076,1909f56bfc062723c751e8b465ee728b)  -> (artifact id: '59ee5f03078cb3c45bffea7ef146b71a') in 0.006187 seconds 
========================================================================
Received Import Request.
  Time since last request: 3.202863 seconds.
  path: Assets/Examples/RogueLike/Tiles/pixel.png
  artifactKey: Guid(fc6f1e2837db5fd43a1c6a3c1d1de54b) Importer(815301076,1909f56bfc062723c751e8b465ee728b)
Start importing Assets/Examples/RogueLike/Tiles/pixel.png using Guid(fc6f1e2837db5fd43a1c6a3c1d1de54b) Importer(815301076,1909f56bfc062723c751e8b465ee728b)  -> (artifact id: 'a8f21a791f7223826e60113a6a4bde7a') in 0.061777 seconds 
Editor requested this worker to shutdown with reason: Scaling down because of idle timeout
AssetImportWorker is now disconnected from the server
Process exiting
Exiting without the bug reporter. Application will terminate with return code 0