Using pre-set license
Built from '2021.3/staging' branch; Version is '2021.3.1f1 (3b70a0754835) revision 3895456'; Using compiler version '192829333'; Build Type 'Release'
OS: 'Windows 11  (10.0.22622) 64bit Core' Language: 'en' Physical Memory: 16179 MB
BatchMode: 1, IsHumanControllingUs: 0, StartBugReporterOnCrash: 0, Is64bit: 1, IsPro: 1

COMMAND LINE ARGUMENTS:
C:\Program Files\Unity\Hub\Editor\2021.3.1f1\Editor\Unity.exe
-adb2
-batchMode
-noUpm
-name
AssetImportWorker1
-projectPath
C:/Users/thegr/Noble Whale/Dungeon Crawler/Dungeon Crawler
-logFile
Logs/AssetImportWorker1.log
-srvPort
63097
Successfully changed project path to: C:/Users/thegr/Noble Whale/Dungeon Crawler/Dungeon Crawler
C:/Users/thegr/Noble Whale/Dungeon Crawler/Dungeon Crawler
[UnityMemory] Configuration Parameters - Can be set up in boot.config
    "memorysetup-bucket-allocator-granularity=16"
    "memorysetup-bucket-allocator-bucket-count=8"
    "memorysetup-bucket-allocator-block-size=33554432"
    "memorysetup-bucket-allocator-block-count=8"
    "memorysetup-main-allocator-block-size=16777216"
    "memorysetup-thread-allocator-block-size=16777216"
    "memorysetup-gfx-main-allocator-block-size=16777216"
    "memorysetup-gfx-thread-allocator-block-size=16777216"
    "memorysetup-cache-allocator-block-size=4194304"
    "memorysetup-typetree-allocator-block-size=2097152"
    "memorysetup-profiler-bucket-allocator-granularity=16"
    "memorysetup-profiler-bucket-allocator-bucket-count=8"
    "memorysetup-profiler-bucket-allocator-block-size=33554432"
    "memorysetup-profiler-bucket-allocator-block-count=8"
    "memorysetup-profiler-allocator-block-size=16777216"
    "memorysetup-profiler-editor-allocator-block-size=1048576"
    "memorysetup-temp-allocator-size-main=16777216"
    "memorysetup-job-temp-allocator-block-size=2097152"
    "memorysetup-job-temp-allocator-block-size-background=1048576"
    "memorysetup-job-temp-allocator-reduction-small-platforms=262144"
    "memorysetup-temp-allocator-size-background-worker=32768"
    "memorysetup-temp-allocator-size-job-worker=262144"
    "memorysetup-temp-allocator-size-preload-manager=33554432"
    "memorysetup-temp-allocator-size-nav-mesh-worker=65536"
    "memorysetup-temp-allocator-size-audio-worker=65536"
    "memorysetup-temp-allocator-size-cloud-worker=32768"
    "memorysetup-temp-allocator-size-gi-baking-worker=262144"
    "memorysetup-temp-allocator-size-gfx=262144"
Refreshing native plugins compatible for Editor in 40.85 ms, found 2 plugins.
Preloading 0 native plugins for Editor in 0.00 ms.
Initialize engine version: 2021.3.1f1 (3b70a0754835)
[Subsystems] Discovering subsystems at path C:/Program Files/Unity/Hub/Editor/2021.3.1f1/Editor/Data/Resources/UnitySubsystems
[Subsystems] Discovering subsystems at path C:/Users/thegr/Noble Whale/Dungeon Crawler/Dungeon Crawler/Assets
GfxDevice: creating device client; threaded=0; jobified=0
Direct3D:
    Version:  Direct3D 11.0 [level 11.1]
    Renderer: NVIDIA GeForce RTX 3060 Ti (ID=0x2489)
    Vendor:   NVIDIA
    VRAM:     8050 MB
    Driver:   31.0.15.1640
Initialize mono
Mono path[0] = 'C:/Program Files/Unity/Hub/Editor/2021.3.1f1/Editor/Data/Managed'
Mono path[1] = 'C:/Program Files/Unity/Hub/Editor/2021.3.1f1/Editor/Data/MonoBleedingEdge/lib/mono/unityjit-win32'
Mono config path = 'C:/Program Files/Unity/Hub/Editor/2021.3.1f1/Editor/Data/MonoBleedingEdge/etc'
Using monoOptions --debugger-agent=transport=dt_socket,embedding=1,server=y,suspend=n,address=127.0.0.1:56152
Begin MonoManager ReloadAssembly
Registering precompiled unity dll's ...
Register platform support module: C:/Program Files/Unity/Hub/Editor/2021.3.1f1/Editor/Data/PlaybackEngines/WindowsStandaloneSupport/UnityEditor.WindowsStandalone.Extensions.dll
Registered in 0.004418 seconds.
Native extension for WindowsStandalone target not found
Refreshing native plugins compatible for Editor in 38.07 ms, found 2 plugins.
Preloading 0 native plugins for Editor in 0.00 ms.
Mono: successfully reloaded assembly
- Completed reload, in  0.495 seconds
Domain Reload Profiling:
	ReloadAssembly (496ms)
		BeginReloadAssembly (54ms)
			ExecutionOrderSort (0ms)
			DisableScriptedObjects (0ms)
			BackupInstance (0ms)
			ReleaseScriptingObjects (0ms)
			CreateAndSetChildDomain (1ms)
		EndReloadAssembly (357ms)
			LoadAssemblies (53ms)
			RebuildTransferFunctionScriptingTraits (0ms)
			SetupTypeCache (88ms)
			ReleaseScriptCaches (0ms)
			RebuildScriptCaches (21ms)
			SetupLoadedEditorAssemblies (203ms)
				LogAssemblyErrors (0ms)
				InitializePlatformSupportModulesInManaged (7ms)
				SetLoadedEditorAssemblies (0ms)
				RefreshPlugins (38ms)
				BeforeProcessingInitializeOnLoad (1ms)
				ProcessInitializeOnLoadAttributes (119ms)
				ProcessInitializeOnLoadMethodAttributes (38ms)
				AfterProcessingInitializeOnLoad (0ms)
				EditorAssembliesLoaded (0ms)
			ExecutionOrderSort2 (0ms)
			AwakeInstancesAfterBackupRestoration (0ms)
Platform modules already initialized, skipping
Registering precompiled user dll's ...
Registered in 0.003159 seconds.
Begin MonoManager ReloadAssembly
Symbol file LoadedFromMemory is not a mono symbol file
Native extension for WindowsStandalone target not found
Refreshing native plugins compatible for Editor in 0.64 ms, found 2 plugins.
Preloading 0 native plugins for Editor in 0.00 ms.
Package Manager log level set to [2]
Mono: successfully reloaded assembly
- Completed reload, in  0.825 seconds
Domain Reload Profiling:
	ReloadAssembly (826ms)
		BeginReloadAssembly (86ms)
			ExecutionOrderSort (0ms)
			DisableScriptedObjects (4ms)
			BackupInstance (0ms)
			ReleaseScriptingObjects (0ms)
			CreateAndSetChildDomain (19ms)
		EndReloadAssembly (648ms)
			LoadAssemblies (67ms)
			RebuildTransferFunctionScriptingTraits (0ms)
			SetupTypeCache (142ms)
			ReleaseScriptCaches (0ms)
			RebuildScriptCaches (39ms)
			SetupLoadedEditorAssemblies (361ms)
				LogAssemblyErrors (0ms)
				InitializePlatformSupportModulesInManaged (4ms)
				SetLoadedEditorAssemblies (0ms)
				RefreshPlugins (1ms)
				BeforeProcessingInitializeOnLoad (90ms)
				ProcessInitializeOnLoadAttributes (170ms)
				ProcessInitializeOnLoadMethodAttributes (90ms)
				AfterProcessingInitializeOnLoad (6ms)
				EditorAssembliesLoaded (0ms)
			ExecutionOrderSort2 (0ms)
			AwakeInstancesAfterBackupRestoration (4ms)
Platform modules already initialized, skipping
========================================================================
Worker process is ready to serve import requests
Launched and connected shader compiler UnityShaderCompiler.exe after 0.04 seconds
Refreshing native plugins compatible for Editor in 1.27 ms, found 2 plugins.
Preloading 0 native plugins for Editor in 0.00 ms.
Unloading 2397 Unused Serialized files (Serialized files now loaded: 0)
Unloading 66 unused Assets / (1.3 MB). Loaded Objects now: 2827.
Memory consumption went from 101.7 MB to 100.5 MB.
Total: 6.938400 ms (FindLiveObjects: 0.256400 ms CreateObjectMapping: 0.072200 ms MarkObjects: 6.293100 ms  DeleteObjects: 0.315300 ms)

AssetImportParameters requested are different than current active one (requested -> active):
  custom:video-decoder-ogg-theora: a1e56fd34408186e4bbccfd4996cb3dc -> 
  custom:container-muxer-webm: aa71ff27fc2769a1b78a27578f13a17b -> 
  custom:container-demuxer-webm: 4f35f7cbe854078d1ac9338744f61a02 -> 
  custom:video-encoder-webm-vp8: eb34c28f22e8b96e1ab97ce403110664 -> 
  custom:audio-encoder-webm-vorbis: bf7c407c2cedff20999df2af8eb42d56 -> 
  custom:framework-win-MediaFoundation: 216162199b28c13a410421893ffa2e32 -> 
  custom:container-demuxer-ogg: 62fdf1f143b41e24485cea50d1cbac27 -> 
  custom:video-decoder-webm-vp8: 9c59270c3fd7afecdb556c50c9e8de78 -> 
  custom:audio-decoder-ogg-vorbis: bf7c407c2cedff20999df2af8eb42d56 -> 
========================================================================
Received Import Request.
  Time since last request: 109483.006742 seconds.
  path: Assets/Examples/RogueLike/Tiles/Floor/Grate.png
  artifactKey: Guid(2c855fb8de28d3d43b4b4789c3e7482b) Importer(815301076,1909f56bfc062723c751e8b465ee728b)
Start importing Assets/Examples/RogueLike/Tiles/Floor/Grate.png using Guid(2c855fb8de28d3d43b4b4789c3e7482b) Importer(815301076,1909f56bfc062723c751e8b465ee728b)  -> (artifact id: '889c8ef7e9f5fa853d7522513ec019eb') in 0.117828 seconds 
========================================================================
Received Import Request.
  Time since last request: 0.311743 seconds.
  path: Assets/Examples/RogueLike/Tiles/Prefabs/Electric Trap.prefab
  artifactKey: Guid(bc6d725f6c3cb984cb1e65bbd7002534) Importer(815301076,1909f56bfc062723c751e8b465ee728b)
Start importing Assets/Examples/RogueLike/Tiles/Prefabs/Electric Trap.prefab using Guid(bc6d725f6c3cb984cb1e65bbd7002534) Importer(815301076,1909f56bfc062723c751e8b465ee728b)  -> (artifact id: '73bec2bda49fe6efb77e03a5f4153a0e') in 0.037304 seconds 
========================================================================
Received Import Request.
  Time since last request: 0.000018 seconds.
  path: Assets/Examples/RogueLike/Tiles/Prefabs/Nothing.prefab
  artifactKey: Guid(6ff31623a9d415f4a8e85daae402c56b) Importer(815301076,1909f56bfc062723c751e8b465ee728b)
Start importing Assets/Examples/RogueLike/Tiles/Prefabs/Nothing.prefab using Guid(6ff31623a9d415f4a8e85daae402c56b) Importer(815301076,1909f56bfc062723c751e8b465ee728b)  -> (artifact id: '59361a7068646b83983115cb98a1a022') in 0.006907 seconds 
========================================================================
Received Import Request.
  Time since last request: 0.000015 seconds.
  path: Assets/Examples/RogueLike/Tiles/Prefabs/Final Door.prefab
  artifactKey: Guid(da93865118f707546915fc59ef79a133) Importer(815301076,1909f56bfc062723c751e8b465ee728b)
Start importing Assets/Examples/RogueLike/Tiles/Prefabs/Final Door.prefab using Guid(da93865118f707546915fc59ef79a133) Importer(815301076,1909f56bfc062723c751e8b465ee728b)  -> (artifact id: '6a402756c6b7756dc8ef3470086d44cd') in 0.016418 seconds 
========================================================================
Received Import Request.
  Time since last request: 0.000018 seconds.
  path: Assets/Examples/RogueLike/Tiles/Prefabs/Locked Door.prefab
  artifactKey: Guid(bc9347607a3f5a1458e19b4258e95998) Importer(815301076,1909f56bfc062723c751e8b465ee728b)
Start importing Assets/Examples/RogueLike/Tiles/Prefabs/Locked Door.prefab using Guid(bc9347607a3f5a1458e19b4258e95998) Importer(815301076,1909f56bfc062723c751e8b465ee728b)  -> (artifact id: 'fc94a20fee9c6e9ef9ed931bf07beaba') in 0.033290 seconds 
========================================================================
Received Import Request.
  Time since last request: 0.000019 seconds.
  path: Assets/Examples/RogueLike/Tiles/Prefabs/Stairs Down.prefab
  artifactKey: Guid(20e36c6b7abc41244852cdf24829cf3b) Importer(815301076,1909f56bfc062723c751e8b465ee728b)
Start importing Assets/Examples/RogueLike/Tiles/Prefabs/Stairs Down.prefab using Guid(20e36c6b7abc41244852cdf24829cf3b) Importer(815301076,1909f56bfc062723c751e8b465ee728b)  -> (artifact id: 'bae87eb8a40caea47f573b0fc7c7c91b') in 0.017756 seconds 
========================================================================
Received Import Request.
  Time since last request: 2.756198 seconds.
  path: Assets/Examples/RogueLike/Items/Prefabs/Hammer.prefab
  artifactKey: Guid(a806fb43e13aaeb46a0103d0ee1ec731) Importer(815301076,1909f56bfc062723c751e8b465ee728b)
Start importing Assets/Examples/RogueLike/Items/Prefabs/Hammer.prefab using Guid(a806fb43e13aaeb46a0103d0ee1ec731) Importer(815301076,1909f56bfc062723c751e8b465ee728b)  -> (artifact id: '02cd9943214af83cd6dd7123a12d9a3c') in 0.014051 seconds 
========================================================================
Received Import Request.
  Time since last request: 0.000017 seconds.
  path: Assets/Examples/RogueLike/Items/Prefabs/Sword.prefab
  artifactKey: Guid(cadf205b596d7ac4da4197f1bdffc6d5) Importer(815301076,1909f56bfc062723c751e8b465ee728b)
Start importing Assets/Examples/RogueLike/Items/Prefabs/Sword.prefab using Guid(cadf205b596d7ac4da4197f1bdffc6d5) Importer(815301076,1909f56bfc062723c751e8b465ee728b)  -> (artifact id: '5cdbd51faeb75960c8df3af44d4dd8c1') in 0.010955 seconds 
Editor requested this worker to shutdown with reason: Scaling down because of idle timeout
AssetImportWorker is now disconnected from the server
Process exiting
Exiting without the bug reporter. Application will terminate with return code 0